<?xml version="1.0" encoding="UTF-8"?>
<testng-results ignored="0" total="1" passed="1" failed="0" skipped="0">
  <reporter-output>
    <line>
      <![CDATA[Test completed and Report generated]]>
    </line>
  </reporter-output>
  <suite started-at="2019-08-28T09:28:38Z" name="Default suite" finished-at="2019-08-28T09:29:01Z" duration-ms="22712">
    <groups>
    </groups>
    <test started-at="2019-08-28T09:28:38Z" name="Default test" finished-at="2019-08-28T09:29:01Z" duration-ms="22712">
      <class name="com.pixabay.testcases.LoginTestPixabay">
        <test-method is-config="true" signature="setUpSuite()[pri:0, instance:com.pixabay.testcases.LoginTestPixabay@527e5409]" started-at="2019-08-28T09:28:36Z" name="setUpSuite" finished-at="2019-08-28T09:28:38Z" duration-ms="1905" status="PASS">
          <reporter-output>
          </reporter-output>
        </test-method> <!-- setUpSuite -->
        <test-method is-config="true" signature="setUp()[pri:0, instance:com.pixabay.testcases.LoginTestPixabay@527e5409]" started-at="2019-08-28T09:28:38Z" name="setUp" finished-at="2019-08-28T09:28:55Z" duration-ms="16929" status="PASS">
          <reporter-output>
          </reporter-output>
        </test-method> <!-- setUp -->
        <test-method signature="loginApplication()[pri:0, instance:com.pixabay.testcases.LoginTestPixabay@527e5409]" started-at="2019-08-28T09:28:55Z" name="loginApplication" finished-at="2019-08-28T09:28:58Z" duration-ms="2459" status="PASS">
          <reporter-output>
          </reporter-output>
        </test-method> <!-- loginApplication -->
        <test-method is-config="true" signature="tearDownMethod(org.testng.ITestResult)[pri:0, instance:com.pixabay.testcases.LoginTestPixabay@527e5409]" started-at="2019-08-28T09:28:58Z" name="tearDownMethod" finished-at="2019-08-28T09:29:00Z" duration-ms="2025" status="PASS">
          <params>
            <param index="0">
              <value>
                <![CDATA[[TestResult name=loginApplication status=SUCCESS method=LoginTestPixabay.loginApplication()[pri:0, instance:com.pixabay.testcases.LoginTestPixabay@527e5409] output={null}]]]>
              </value>
            </param>
          </params>
          <reporter-output>
            <line>
              <![CDATA[Test completed and Report generated]]>
            </line>
          </reporter-output>
        </test-method> <!-- tearDownMethod -->
        <test-method is-config="true" signature="tearDown()[pri:0, instance:com.pixabay.testcases.LoginTestPixabay@527e5409]" started-at="2019-08-28T09:29:00Z" name="tearDown" finished-at="2019-08-28T09:29:01Z" duration-ms="1248" status="PASS">
          <reporter-output>
          </reporter-output>
        </test-method> <!-- tearDown -->
      </class> <!-- com.pixabay.testcases.LoginTestPixabay -->
    </test> <!-- Default test -->
  </suite> <!-- Default suite -->
</testng-results>
